<?xml version="1.0" encoding="UTF-8" ?>
<testsuite failures="0" time="33.162" errors="1" skipped="0" tests="12" name="com.tencent.business.ScanPayBusinessTest">
  <properties>
[...]
</properties>
  <testcase time="0.028" classname="com.tencent.business.ScanPayBusinessTest" name="testCase1"/>
  <testcase time="0.198" classname="com.tencent.business.ScanPayBusinessTest" name="testCase2"/>
  <testcase time="0.027" classname="com.tencent.business.ScanPayBusinessTest" name="testCase3"/>
  <testcase time="6.319" classname="com.tencent.business.ScanPayBusinessTest" name="testCase4"/>
  <testcase time="5.899" classname="com.tencent.business.ScanPayBusinessTest" name="testCase5"/>
  <testcase time="5.491" classname="com.tencent.business.ScanPayBusinessTest" name="testCase6"/>
  <testcase time="5.031" classname="com.tencent.business.ScanPayBusinessTest" name="testCase7"/>
  <testcase time="5.041" classname="com.tencent.business.ScanPayBusinessTest" name="testCase8"/>
  <testcase time="0.02" classname="com.tencent.business.ScanPayBusinessTest" name="testCase10"/>
  <testcase time="5.031" classname="com.tencent.business.ScanPayBusinessTest" name="testCase11"/>
  <testcase time="0.017" classname="com.tencent.business.ScanPayBusinessTest" name="testGetCouponDataFromPayQueryString"/>
  <testcase time="0.01" classname="com.tencent.business.ScanPayBusinessTest" name="testGetSignature">
    <error type="java.lang.NullPointerException">java.lang.NullPointerException
	at com.tencent.common.Util.inputStreamToString(Util.java:53)
	at com.tencent.common.Util.getLocalXMLString(Util.java:115)
	at com.tencent.business.ScanPayBusinessTest.testGetSignature(ScanPayBusinessTest.java:256)
	at sun.reflect.NativeMethodAccessorImpl.invoke0(Native Method)
	at sun.reflect.NativeMethodAccessorImpl.invoke(NativeMethodAccessorImpl.java:39)
	at sun.reflect.DelegatingMethodAccessorImpl.invoke(DelegatingMethodAccessorImpl.java:25)
	at java.lang.reflect.Method.invoke(Method.java:597)
	at org.junit.runners.model.FrameworkMethod$1.runReflectiveCall(FrameworkMethod.java:44)
	at org.junit.internal.runners.model.ReflectiveCallable.run(ReflectiveCallable.java:15)
	at org.junit.runners.model.FrameworkMethod.invokeExplosively(FrameworkMethod.java:41)
	at org.junit.internal.runners.statements.InvokeMethod.evaluate(InvokeMethod.java:20)
	at org.junit.internal.runners.statements.RunBefores.evaluate(RunBefores.java:28)
	at org.junit.internal.runners.statements.RunAfters.evaluate(RunAfters.java:31)
	at org.junit.runners.BlockJUnit4ClassRunner.runNotIgnored(BlockJUnit4ClassRunner.java:79)
	at org.junit.runners.BlockJUnit4ClassRunner.runChild(BlockJUnit4ClassRunner.java:71)
	at org.junit.runners.BlockJUnit4ClassRunner.runChild(BlockJUnit4ClassRunner.java:49)
	at org.junit.runners.ParentRunner$3.run(ParentRunner.java:193)
	at org.junit.runners.ParentRunner$1.schedule(ParentRunner.java:52)
	at org.junit.runners.ParentRunner.runChildren(ParentRunner.java:191)
	at org.junit.runners.ParentRunner.access$000(ParentRunner.java:42)
	at org.junit.runners.ParentRunner$2.evaluate(ParentRunner.java:184)
	at org.junit.internal.runners.statements.RunBefores.evaluate(RunBefores.java:28)
	at org.junit.runners.ParentRunner.run(ParentRunner.java:236)
	at org.apache.maven.surefire.junit4.JUnit4TestSet.execute(JUnit4TestSet.java:35)
	at org.apache.maven.surefire.junit4.JUnit4Provider.executeTestSet(JUnit4Provider.java:115)
	at org.apache.maven.surefire.junit4.JUnit4Provider.invoke(JUnit4Provider.java:97)
	at sun.reflect.NativeMethodAccessorImpl.invoke0(Native Method)
	at sun.reflect.NativeMethodAccessorImpl.invoke(NativeMethodAccessorImpl.java:39)
	at sun.reflect.DelegatingMethodAccessorImpl.invoke(DelegatingMethodAccessorImpl.java:25)
	at java.lang.reflect.Method.invoke(Method.java:597)
	at org.apache.maven.surefire.booter.ProviderFactory$ClassLoaderProxy.invoke(ProviderFactory.java:103)
	at $Proxy0.invoke(Unknown Source)
	at org.apache.maven.surefire.booter.SurefireStarter.invokeProvider(SurefireStarter.java:150)
	at org.apache.maven.surefire.booter.SurefireStarter.runSuitesInProcess(SurefireStarter.java:91)
	at org.apache.maven.surefire.booter.ForkedBooter.main(ForkedBooter.java:69)
</error>
  </testcase>
</testsuite>