<?xml version="1.0" encoding="UTF-8" ?>
<testsuite failures="0" time="33.273" errors="0" skipped="0" tests="10" name="com.tencent.business.ScanPayBusinessTest">
  <properties>
[...]
</properties>
  <testcase time="0.033" classname="com.tencent.business.ScanPayBusinessTest" name="testCase1"/>
  <testcase time="0.206" classname="com.tencent.business.ScanPayBusinessTest" name="testCase2"/>
  <testcase time="0.023" classname="com.tencent.business.ScanPayBusinessTest" name="testCase3"/>
  <testcase time="6.255" classname="com.tencent.business.ScanPayBusinessTest" name="testCase4"/>
  <testcase time="5.995" classname="com.tencent.business.ScanPayBusinessTest" name="testCase5"/>
  <testcase time="5.534" classname="com.tencent.business.ScanPayBusinessTest" name="testCase6"/>
  <testcase time="5.052" classname="com.tencent.business.ScanPayBusinessTest" name="testCase7"/>
  <testcase time="5.064" classname="com.tencent.business.ScanPayBusinessTest" name="testCase8"/>
  <testcase time="0.029" classname="com.tencent.business.ScanPayBusinessTest" name="testCase10"/>
  <testcase time="5.038" classname="com.tencent.business.ScanPayBusinessTest" name="testCase11"/>
</testsuite>